<?xml version="1.0" encoding="UTF-8"?>
<!-- Generated by org.testng.reporters.JUnitReportReporter -->
<testsuite skipped="0" hostname="LAPTOP-U2GCSB7P" name="com.inetBanking.testCases.TC_AddCustomerTest_003" tests="1" failures="0" timestamp="05 May 2019 10:50:18 GMT" time="14.568" errors="0">
  <testcase name="addNewCustomer" time="14.568" classname="com.inetBanking.testCases.TC_AddCustomerTest_003"/>
</testsuite> <!-- com.inetBanking.testCases.TC_AddCustomerTest_003 -->
