<?xml version="1.0" encoding="UTF-8"?>
<!-- Generated by org.testng.reporters.JUnitReportReporter -->
<testsuite skipped="0" hostname="Rohit" name="com.inetBanking.testCases.TC_LoginTest_001" tests="1" failures="0" timestamp="18 May 2019 05:35:08 GMT" time="6.239" errors="0">
  <testcase name="loginTest" time="6.239" classname="com.inetBanking.testCases.TC_LoginTest_001"/>
</testsuite> <!-- com.inetBanking.testCases.TC_LoginTest_001 -->
