<?xml version="1.0" encoding="UTF-8"?>
<!-- Generated by org.testng.reporters.JUnitReportReporter -->
<testsuite skipped="0" hostname="Rohit" name="com.inetBanking.testCases.TC_EditCustomerTest_004" tests="1" failures="0" timestamp="18 May 2019 08:37:03 GMT" time="12.357" errors="0">
  <testcase name="editCustomer" time="12.357" classname="com.inetBanking.testCases.TC_EditCustomerTest_004"/>
</testsuite> <!-- com.inetBanking.testCases.TC_EditCustomerTest_004 -->
