<?xml version="1.0" encoding="UTF-8"?>
<!-- Generated by org.testng.reporters.JUnitReportReporter -->
<testsuite skipped="0" hostname="Rohit" name="com.inetBanking.testCases.TC_LoginTest_001" tests="1" failures="0" timestamp="18 May 2019 08:37:03 GMT" time="2.000" errors="0">
  <testcase name="loginTest" time="2.000" classname="com.inetBanking.testCases.TC_LoginTest_001"/>
</testsuite> <!-- com.inetBanking.testCases.TC_LoginTest_001 -->
